11:27:17 **** Incremental Build of configuration Debug for project HelloWorld ****
make all 
make: Цель «all» не требует выполнения команд.
11:27:22 **** Incremental Build of configuration Debug for project HelloWorld ****
make all 
Building file: ../main.c
Invoking: GCC C Compiler
gcc -O0 -g3 -Wall -c -fmessage-length=0 -MMD -MP -MF"main.d" -MT"main.d" -o "main.o" "../main.c"
Finished building: ../main.c
 
Building target: HelloWorld
Invoking: GCC C Linker
gcc  -o "HelloWorld"  ./main.o   
Finished building target: HelloWorld
 
11:28:40 **** Incremental Build of configuration Debug for project HelloWorld ****
make all 
Building file: ../main.c
Invoking: GCC C Compiler
gcc -O0 -g3 -Wall -c -fmessage-length=0 -MMD -MP -MF"main.d" -MT"main.d" -o "main.o" "../main.c"
Finished building: ../main.c
 
Building target: HelloWorld
Invoking: GCC C Linker
gcc  -o "HelloWorld"  ./main.o   
Finished building target: HelloWorld
 
11:28:42 **** Incremental Build of configuration Debug for project HelloWorld ****
make all 
make: Цель «all» не требует выполнения команд.
12:37:51 **** Incremental Build of configuration Debug for project HelloWorld ****
make all 
Building file: ../main.c
Invoking: GCC C Compiler
gcc -O0 -g3 -Wall -c -fmessage-length=0 -MMD -MP -MF"main.d" -MT"main.d" -o "main.o" "../main.c"
../main.c: В функции «main»:
../main.c:15:6: ошибка: «$i» не описан (первое использование в этой функции)
  for($i=0;i<lines;i++){
      ^~
../main.c:15:6: замечание: сообщение о каждом неописанном идентификаторе выдается один раз в каждой функции, где он встречается
../main.c:15:11: ошибка: «i» undeclared (first use in this function); did you mean «$i»?
  for($i=0;i<lines;i++){
           ^
           $i
../main.c:17:7: ошибка: «$j» undeclared (first use in this function); did you mean «$i»?
   for($j=1;j<lines-i;$j++){
       ^~
       $i
../main.c:17:12: ошибка: «j» undeclared (first use in this function); did you mean «$j»?
   for($j=1;j<lines-i;$j++){
            ^
            $j
make: *** [subdir.mk:20: main.o] Ошибка 1
12:38:14 **** Incremental Build of configuration Debug for project HelloWorld ****
make all 
Building file: ../main.c
Invoking: GCC C Compiler
gcc -O0 -g3 -Wall -c -fmessage-length=0 -MMD -MP -MF"main.d" -MT"main.d" -o "main.o" "../main.c"
../main.c: В функции «main»:
../main.c:15:6: ошибка: «i» не описан (первое использование в этой функции)
  for(i=0;i<lines;i++){
      ^
../main.c:15:6: замечание: сообщение о каждом неописанном идентификаторе выдается один раз в каждой функции, где он встречается
../main.c:17:7: ошибка: «j» не описан (первое использование в этой функции)
   for(j=1;j<lines-i;$j++){
       ^
../main.c:17:21: ошибка: «$j» undeclared (first use in this function); did you mean «j»?
   for(j=1;j<lines-i;$j++){
                     ^~
                     j
make: *** [subdir.mk:20: main.o] Ошибка 1
12:38:20 **** Incremental Build of configuration Debug for project HelloWorld ****
make all 
Building file: ../main.c
Invoking: GCC C Compiler
gcc -O0 -g3 -Wall -c -fmessage-length=0 -MMD -MP -MF"main.d" -MT"main.d" -o "main.o" "../main.c"
../main.c: В функции «main»:
../main.c:15:6: ошибка: «i» не описан (первое использование в этой функции)
  for(i=0;i<lines;i++){
      ^
../main.c:15:6: замечание: сообщение о каждом неописанном идентификаторе выдается один раз в каждой функции, где он встречается
../main.c:17:7: ошибка: «j» не описан (первое использование в этой функции)
   for(j=1;j<lines-i;j++){
       ^
make: *** [subdir.mk:20: main.o] Ошибка 1
12:38:32 **** Incremental Build of configuration Debug for project HelloWorld ****
make all 
Building file: ../main.c
Invoking: GCC C Compiler
gcc -O0 -g3 -Wall -c -fmessage-length=0 -MMD -MP -MF"main.d" -MT"main.d" -o "main.o" "../main.c"
../main.c: В функции «main»:
../main.c:15:6: ошибка: «i» не описан (первое использование в этой функции)
  for(i=0;i<lines;i++){
      ^
../main.c:15:6: замечание: сообщение о каждом неописанном идентификаторе выдается один раз в каждой функции, где он встречается
../main.c:20:7: ошибка: «j» не описан (первое использование в этой функции)
   for(j=lines-i*2;j<=lines;j++){
       ^
make: *** [subdir.mk:20: main.o] Ошибка 1
12:38:39 **** Incremental Build of configuration Debug for project HelloWorld ****
make all 
Building file: ../main.c
Invoking: GCC C Compiler
gcc -O0 -g3 -Wall -c -fmessage-length=0 -MMD -MP -MF"main.d" -MT"main.d" -o "main.o" "../main.c"
../main.c: В функции «main»:
../main.c:15:6: ошибка: «i» не описан (первое использование в этой функции)
  for(i=0;i<lines;i++){
      ^
../main.c:15:6: замечание: сообщение о каждом неописанном идентификаторе выдается один раз в каждой функции, где он встречается
make: *** [subdir.mk:20: main.o] Ошибка 1
12:38:53 **** Incremental Build of configuration Debug for project HelloWorld ****
make all 
Building file: ../main.c
Invoking: GCC C Compiler
gcc -O0 -g3 -Wall -c -fmessage-length=0 -MMD -MP -MF"main.d" -MT"main.d" -o "main.o" "../main.c"
Finished building: ../main.c
 
Building target: HelloWorld
Invoking: GCC C Linker
gcc  -o "HelloWorld"  ./main.o   
Finished building target: HelloWorld
 
12:38:56 **** Incremental Build of configuration Debug for project HelloWorld ****
make all 
make: Цель «all» не требует выполнения команд.
